[[1;34mINFO[m] Scanning for projects...
[[1;34mINFO[m] 
[[1;34mINFO[m] [1m--------------------------< [0;36mcom.myapp:order[0;1m >---------------------------[m
[[1;34mINFO[m] [1mBuilding Order 0.0.1-SNAPSHOT[m
[[1;34mINFO[m] [1m--------------------------------[ jar ]---------------------------------[m
[[1;34mINFO[m] 
[[1;34mINFO[m] [1m>>> [0;32mspring-boot-maven-plugin:3.2.1:run[m [1m(default-cli)[0;1m > [0;1mtest-compile[m @ [36morder[0;1m >>>[m
[[1;34mINFO[m] 
[[1;34mINFO[m] [1m--- [0;32mmaven-resources-plugin:3.3.1:resources[m [1m(default-resources)[m @ [36morder[0;1m ---[m
[[1;34mINFO[m] Copying 1 resource from src/main/resources to target/classes
[[1;34mINFO[m] Copying 0 resource from src/main/resources to target/classes
[[1;34mINFO[m] 
[[1;34mINFO[m] [1m--- [0;32mmaven-compiler-plugin:3.13.0:compile[m [1m(default-compile)[m @ [36morder[0;1m ---[m
[[1;34mINFO[m] Nothing to compile - all classes are up to date.
[[1;34mINFO[m] 
[[1;34mINFO[m] [1m--- [0;32mmaven-resources-plugin:3.3.1:testResources[m [1m(default-testResources)[m @ [36morder[0;1m ---[m
[[1;34mINFO[m] skip non existing resourceDirectory /media/sachintha/New Volume/University materials/L3S1/Individual project/bagify-backend/order/src/test/resources
[[1;34mINFO[m] 
[[1;34mINFO[m] [1m--- [0;32mmaven-compiler-plugin:3.13.0:testCompile[m [1m(default-testCompile)[m @ [36morder[0;1m ---[m
[[1;34mINFO[m] Nothing to compile - all classes are up to date.
[[1;34mINFO[m] 
[[1;34mINFO[m] [1m<<< [0;32mspring-boot-maven-plugin:3.2.1:run[m [1m(default-cli)[0;1m < [0;1mtest-compile[m @ [36morder[0;1m <<<[m
[[1;34mINFO[m] 
[[1;34mINFO[m] 
[[1;34mINFO[m] [1m--- [0;32mspring-boot-maven-plugin:3.2.1:run[m [1m(default-cli)[m @ [36morder[0;1m ---[m
[[1;34mINFO[m] Attaching agents: []

  .   ____          _            __ _ _
 /\\ / ___'_ __ _ _(_)_ __  __ _ \ \ \ \
( ( )\___ | '_ | '_| | '_ \/ _` | \ \ \ \
 \\/  ___)| |_)| | | | | || (_| |  ) ) ) )
  '  |____| .__|_| |_|_| |_\__, | / / / /
 =========|_|==============|___/=/_/_/_/
 :: Spring Boot ::                (v3.2.1)

2026-06-24T10:43:06.353+05:30  INFO 57302 --- [order] [  restartedMain] c.mycompany.app.order.OrderApplication   : Starting OrderApplication using Java 17.0.19 with PID 57302 (/media/sachintha/New Volume/University materials/L3S1/Individual project/bagify-backend/order/target/classes started by sachintha in /media/sachintha/New Volume/University materials/L3S1/Individual project/bagify-backend/order)
2026-06-24T10:43:06.363+05:30  INFO 57302 --- [order] [  restartedMain] c.mycompany.app.order.OrderApplication   : No active profile set, falling back to 1 default profile: "default"
2026-06-24T10:43:06.591+05:30  INFO 57302 --- [order] [  restartedMain] .e.DevToolsPropertyDefaultsPostProcessor : Devtools property defaults active! Set 'spring.devtools.add-properties' to 'false' to disable
2026-06-24T10:43:06.592+05:30  INFO 57302 --- [order] [  restartedMain] .e.DevToolsPropertyDefaultsPostProcessor : For additional web related logging consider setting the 'logging.level.web' property to 'DEBUG'
2026-06-24T10:43:10.626+05:30  INFO 57302 --- [order] [  restartedMain] .s.d.r.c.RepositoryConfigurationDelegate : Bootstrapping Spring Data JPA repositories in DEFAULT mode.
2026-06-24T10:43:11.308+05:30  INFO 57302 --- [order] [  restartedMain] .s.d.r.c.RepositoryConfigurationDelegate : Finished Spring Data repository scanning in 625 ms. Found 2 JPA repository interfaces.
2026-06-24T10:43:13.155+05:30  INFO 57302 --- [order] [  restartedMain] o.s.cloud.context.scope.GenericScope     : BeanFactory id=98e5a024-3bff-32a9-8eb9-e15264cb28cc
2026-06-24T10:43:13.973+05:30  WARN 57302 --- [order] [  restartedMain] trationDelegate$BeanPostProcessorChecker : Bean 'org.springframework.cloud.client.loadbalancer.LoadBalancerAutoConfiguration$DeferringLoadBalancerInterceptorConfig' of type [org.springframework.cloud.client.loadbalancer.LoadBalancerAutoConfiguration$DeferringLoadBalancerInterceptorConfig] is not eligible for getting processed by all BeanPostProcessors (for example: not eligible for auto-proxying). The currently created BeanPostProcessor [lbRestClientPostProcessor] is declared through a non-static factory method on that class; consider declaring it as static instead.
2026-06-24T10:43:13.989+05:30  WARN 57302 --- [order] [  restartedMain] trationDelegate$BeanPostProcessorChecker : Bean 'deferringLoadBalancerInterceptor' of type [org.springframework.cloud.client.loadbalancer.DeferringLoadBalancerInterceptor] is not eligible for getting processed by all BeanPostProcessors (for example: not eligible for auto-proxying). Is this bean getting eagerly injected into a currently created BeanPostProcessor [lbRestClientPostProcessor]? Check the corresponding BeanPostProcessor declaration and its dependencies.
2026-06-24T10:43:14.000+05:30  WARN 57302 --- [order] [  restartedMain] trationDelegate$BeanPostProcessorChecker : Bean 'org.springframework.cloud.client.loadbalancer.reactive.LoadBalancerBeanPostProcessorAutoConfiguration' of type [org.springframework.cloud.client.loadbalancer.reactive.LoadBalancerBeanPostProcessorAutoConfiguration] is not eligible for getting processed by all BeanPostProcessors (for example: not eligible for auto-proxying). The currently created BeanPostProcessor [loadBalancerWebClientBuilderBeanPostProcessor] is declared through a non-static factory method on that class; consider declaring it as static instead.
2026-06-24T10:43:14.008+05:30  WARN 57302 --- [order] [  restartedMain] trationDelegate$BeanPostProcessorChecker : Bean 'org.springframework.cloud.client.loadbalancer.reactive.LoadBalancerBeanPostProcessorAutoConfiguration$ReactorDeferringLoadBalancerFilterConfig' of type [org.springframework.cloud.client.loadbalancer.reactive.LoadBalancerBeanPostProcessorAutoConfiguration$ReactorDeferringLoadBalancerFilterConfig] is not eligible for getting processed by all BeanPostProcessors (for example: not eligible for auto-proxying). Is this bean getting eagerly injected into a currently created BeanPostProcessor [loadBalancerWebClientBuilderBeanPostProcessor]? Check the corresponding BeanPostProcessor declaration and its dependencies.
2026-06-24T10:43:14.017+05:30  WARN 57302 --- [order] [  restartedMain] trationDelegate$BeanPostProcessorChecker : Bean 'reactorDeferringLoadBalancerExchangeFilterFunction' of type [org.springframework.cloud.client.loadbalancer.reactive.DeferringLoadBalancerExchangeFilterFunction] is not eligible for getting processed by all BeanPostProcessors (for example: not eligible for auto-proxying). Is this bean getting eagerly injected into a currently created BeanPostProcessor [loadBalancerWebClientBuilderBeanPostProcessor]? Check the corresponding BeanPostProcessor declaration and its dependencies.
2026-06-24T10:43:15.496+05:30  INFO 57302 --- [order] [  restartedMain] o.s.b.w.embedded.tomcat.TomcatWebServer  : Tomcat initialized with port 8083 (http)
2026-06-24T10:43:15.548+05:30  INFO 57302 --- [order] [  restartedMain] o.apache.catalina.core.StandardService   : Starting service [Tomcat]
2026-06-24T10:43:15.550+05:30  INFO 57302 --- [order] [  restartedMain] o.apache.catalina.core.StandardEngine    : Starting Servlet engine: [Apache Tomcat/10.1.17]
2026-06-24T10:43:15.779+05:30  INFO 57302 --- [order] [  restartedMain] o.a.c.c.C.[Tomcat].[localhost].[/]       : Initializing Spring embedded WebApplicationContext
2026-06-24T10:43:15.783+05:30  INFO 57302 --- [order] [  restartedMain] w.s.c.ServletWebServerApplicationContext : Root WebApplicationContext: initialization completed in 9185 ms
2026-06-24T10:43:16.477+05:30  INFO 57302 --- [order] [  restartedMain] o.hibernate.jpa.internal.util.LogHelper  : HHH000204: Processing PersistenceUnitInfo [name: default]
2026-06-24T10:43:16.631+05:30  INFO 57302 --- [order] [  restartedMain] org.hibernate.Version                    : HHH000412: Hibernate ORM core version 6.4.1.Final
2026-06-24T10:43:16.743+05:30  INFO 57302 --- [order] [  restartedMain] o.h.c.internal.RegionFactoryInitiator    : HHH000026: Second-level cache disabled
2026-06-24T10:43:17.574+05:30  INFO 57302 --- [order] [  restartedMain] o.s.o.j.p.SpringPersistenceUnitInfo      : No LoadTimeWeaver setup: ignoring JPA class transformer
2026-06-24T10:43:17.691+05:30  INFO 57302 --- [order] [  restartedMain] com.zaxxer.hikari.HikariDataSource       : HikariPool-1 - Starting...
2026-06-24T10:43:18.304+05:30  INFO 57302 --- [order] [  restartedMain] com.zaxxer.hikari.pool.HikariPool        : HikariPool-1 - Added connection org.postgresql.jdbc.PgConnection@1cefdffa
2026-06-24T10:43:18.310+05:30  INFO 57302 --- [order] [  restartedMain] com.zaxxer.hikari.HikariDataSource       : HikariPool-1 - Start completed.
2026-06-24T10:43:18.424+05:30  WARN 57302 --- [order] [  restartedMain] org.hibernate.orm.deprecation            : HHH90000025: PostgreSQLDialect does not need to be specified explicitly using 'hibernate.dialect' (remove the property setting and it will be selected by default)
2026-06-24T10:43:23.075+05:30  INFO 57302 --- [order] [  restartedMain] o.h.e.t.j.p.i.JtaPlatformInitiator       : HHH000489: No JTA platform available (set 'hibernate.transaction.jta.platform' to enable JTA platform integration)
2026-06-24T10:43:23.302+05:30  INFO 57302 --- [order] [  restartedMain] j.LocalContainerEntityManagerFactoryBean : Initialized JPA EntityManagerFactory for persistence unit 'default'
2026-06-24T10:43:24.362+05:30  INFO 57302 --- [order] [  restartedMain] o.s.d.j.r.query.QueryEnhancerFactory     : Hibernate is in classpath; If applicable, HQL parser will be used.
2026-06-24T10:43:27.103+05:30  WARN 57302 --- [order] [  restartedMain] JpaBaseConfiguration$JpaWebConfiguration : spring.jpa.open-in-view is enabled by default. Therefore, database queries may be performed during view rendering. Explicitly configure spring.jpa.open-in-view to disable this warning
2026-06-24T10:43:27.439+05:30  WARN 57302 --- [order] [  restartedMain] .s.s.UserDetailsServiceAutoConfiguration : 

Using generated security password: 635d06a3-1dab-4561-a2b1-de95a2d9dc4a

This generated password is for development use only. Your security configuration must be updated before running your application in production.

2026-06-24T10:43:28.859+05:30  INFO 57302 --- [order] [  restartedMain] o.s.s.web.DefaultSecurityFilterChain     : Will secure any request with [org.springframework.security.web.session.DisableEncodeUrlFilter@3f7fe5ca, org.springframework.security.web.context.request.async.WebAsyncManagerIntegrationFilter@574ddba9, org.springframework.security.web.context.SecurityContextHolderFilter@28e2908d, org.springframework.security.web.header.HeaderWriterFilter@2a45351, org.springframework.security.web.authentication.logout.LogoutFilter@782b1a11, com.mycompany.app.order.config.JwtFilter@41a8468, org.springframework.security.web.savedrequest.RequestCacheAwareFilter@50184e7b, org.springframework.security.web.servletapi.SecurityContextHolderAwareRequestFilter@55eca75f, org.springframework.security.web.authentication.AnonymousAuthenticationFilter@28d4494d, org.springframework.security.web.session.SessionManagementFilter@32f3065a, org.springframework.security.web.access.ExceptionTranslationFilter@69d67661, org.springframework.security.web.access.intercept.AuthorizationFilter@60810b7f]
2026-06-24T10:43:29.896+05:30  WARN 57302 --- [order] [  restartedMain] o.s.b.d.a.OptionalLiveReloadServer       : Unable to start LiveReload server
2026-06-24T10:43:30.047+05:30  INFO 57302 --- [order] [  restartedMain] DiscoveryClientOptionalArgsConfiguration : Eureka HTTP Client uses RestTemplate.
2026-06-24T10:43:30.366+05:30  WARN 57302 --- [order] [  restartedMain] iguration$LoadBalancerCaffeineWarnLogger : Spring Cloud LoadBalancer is currently working with the default cache. While this cache implementation is useful for development and tests, it's recommended to use Caffeine cache in production.You can switch to using Caffeine cache, by adding it and org.springframework.cache.caffeine.CaffeineCacheManager to the classpath.
2026-06-24T10:43:30.476+05:30  INFO 57302 --- [order] [  restartedMain] o.s.c.n.eureka.InstanceInfoFactory       : Setting initial instance status as: STARTING
2026-06-24T10:43:30.620+05:30  INFO 57302 --- [order] [  restartedMain] com.netflix.discovery.DiscoveryClient    : Initializing Eureka in region us-east-1
2026-06-24T10:43:30.650+05:30  INFO 57302 --- [order] [  restartedMain] c.n.d.s.r.aws.ConfigClusterResolver      : Resolving eureka endpoints via configuration
2026-06-24T10:43:30.711+05:30  INFO 57302 --- [order] [  restartedMain] com.netflix.discovery.DiscoveryClient    : Disable delta property : false
2026-06-24T10:43:30.712+05:30  INFO 57302 --- [order] [  restartedMain] com.netflix.discovery.DiscoveryClient    : Single vip registry refresh property : null
2026-06-24T10:43:30.712+05:30  INFO 57302 --- [order] [  restartedMain] com.netflix.discovery.DiscoveryClient    : Force full registry fetch : false
2026-06-24T10:43:30.712+05:30  INFO 57302 --- [order] [  restartedMain] com.netflix.discovery.DiscoveryClient    : Application is null : false
2026-06-24T10:43:30.713+05:30  INFO 57302 --- [order] [  restartedMain] com.netflix.discovery.DiscoveryClient    : Registered Applications size is zero : true
2026-06-24T10:43:30.713+05:30  INFO 57302 --- [order] [  restartedMain] com.netflix.discovery.DiscoveryClient    : Application version is -1: true
2026-06-24T10:43:30.713+05:30  INFO 57302 --- [order] [  restartedMain] com.netflix.discovery.DiscoveryClient    : Getting all instance registry info from the eureka server
2026-06-24T10:43:32.091+05:30  INFO 57302 --- [order] [  restartedMain] com.netflix.discovery.DiscoveryClient    : The response status is 200
2026-06-24T10:43:32.099+05:30  INFO 57302 --- [order] [  restartedMain] com.netflix.discovery.DiscoveryClient    : Starting heartbeat executor: renew interval is: 30
2026-06-24T10:43:32.106+05:30  INFO 57302 --- [order] [  restartedMain] c.n.discovery.InstanceInfoReplicator     : InstanceInfoReplicator onDemand update allowed rate per min is 4
2026-06-24T10:43:32.112+05:30  INFO 57302 --- [order] [  restartedMain] com.netflix.discovery.DiscoveryClient    : Discovery Client initialized at timestamp 1782278012110 with initial instances count: 4
2026-06-24T10:43:32.132+05:30  INFO 57302 --- [order] [  restartedMain] o.s.c.n.e.s.EurekaServiceRegistry        : Registering application ORDER with eureka with status UP
2026-06-24T10:43:32.136+05:30  INFO 57302 --- [order] [  restartedMain] com.netflix.discovery.DiscoveryClient    : Saw local status change event StatusChangeEvent [timestamp=1782278012136, current=UP, previous=STARTING]
2026-06-24T10:43:32.143+05:30  INFO 57302 --- [order] [foReplicator-%d] com.netflix.discovery.DiscoveryClient    : DiscoveryClient_ORDER/10.2.132.220:order:8083: registering service...
2026-06-24T10:43:32.208+05:30  INFO 57302 --- [order] [  restartedMain] o.s.b.w.embedded.tomcat.TomcatWebServer  : Tomcat started on port 8083 (http) with context path ''
2026-06-24T10:43:32.212+05:30  INFO 57302 --- [order] [  restartedMain] .s.c.n.e.s.EurekaAutoServiceRegistration : Updating port to 8083
2026-06-24T10:43:32.273+05:30  INFO 57302 --- [order] [  restartedMain] c.mycompany.app.order.OrderApplication   : Started OrderApplication in 27.798 seconds (process running for 29.597)
2026-06-24T10:43:32.322+05:30  INFO 57302 --- [order] [   scheduling-1] c.m.a.o.scheduler.OrderCleanupScheduler  : ⏰ Starting scheduled cleanup of abandoned unpaid orders created before 2026-06-24T10:28:32.322601095
2026-06-24T10:43:32.323+05:30  INFO 57302 --- [order] [foReplicator-%d] com.netflix.discovery.DiscoveryClient    : DiscoveryClient_ORDER/10.2.132.220:order:8083 - registration status: 204
Hibernate: 
    select
        o1_0.id,
        o1_0.buyer_id,
        o1_0.created_at,
        o1_0.payment_id,
        o1_0.payment_status,
        o1_0.shipping_address,
        o1_0.status,
        o1_0.total_amount 
    from
        orders o1_0 
    where
        o1_0.status=? 
        and o1_0.payment_status=? 
        and o1_0.created_at<?
2026-06-24T10:43:32.649+05:30  INFO 57302 --- [order] [   scheduling-1] c.m.a.o.scheduler.OrderCleanupScheduler  : ✅ No abandoned orders found.
2026-06-24T10:45:21.799+05:30  INFO 57302 --- [order] [nio-8083-exec-2] o.a.c.c.C.[Tomcat].[localhost].[/]       : Initializing Spring DispatcherServlet 'dispatcherServlet'
2026-06-24T10:45:21.800+05:30  INFO 57302 --- [order] [nio-8083-exec-2] o.s.web.servlet.DispatcherServlet        : Initializing Servlet 'dispatcherServlet'
2026-06-24T10:45:21.806+05:30  INFO 57302 --- [order] [nio-8083-exec-2] o.s.web.servlet.DispatcherServlet        : Completed initialization in 5 ms
Hibernate: 
    select
        o1_0.id,
        o1_0.buyer_id,
        o1_0.created_at,
        o1_0.payment_id,
        o1_0.payment_status,
        o1_0.shipping_address,
        o1_0.status,
        o1_0.total_amount 
    from
        orders o1_0
Hibernate: 
    select
        o1_0.id,
        o1_0.buyer_id,
        o1_0.created_at,
        o1_0.payment_id,
        o1_0.payment_status,
        o1_0.shipping_address,
        o1_0.status,
        o1_0.total_amount 
    from
        orders o1_0
Hibernate: 
    select
        o1_0.id,
        o1_0.buyer_id,
        o1_0.created_at,
        o1_0.payment_id,
        o1_0.payment_status,
        o1_0.shipping_address,
        o1_0.status,
        o1_0.total_amount 
    from
        orders o1_0
Hibernate: 
    select
        o1_0.id,
        o1_0.buyer_id,
        o1_0.created_at,
        o1_0.payment_id,
        o1_0.payment_status,
        o1_0.shipping_address,
        o1_0.status,
        o1_0.total_amount 
    from
        orders o1_0
Hibernate: 
    select
        i1_0.order_id,
        i1_0.id,
        i1_0.image_url,
        i1_0.item_status,
        i1_0.price_at_purchase,
        i1_0.product_id,
        i1_0.product_name,
        i1_0.quantity,
        i1_0.seller_id 
    from
        order_items i1_0 
    where
        i1_0.order_id=?
Hibernate: 
    select
        i1_0.order_id,
        i1_0.id,
        i1_0.image_url,
        i1_0.item_status,
        i1_0.price_at_purchase,
        i1_0.product_id,
        i1_0.product_name,
        i1_0.quantity,
        i1_0.seller_id 
    from
        order_items i1_0 
    where
        i1_0.order_id=?
Hibernate: 
    select
        i1_0.order_id,
        i1_0.id,
        i1_0.image_url,
        i1_0.item_status,
        i1_0.price_at_purchase,
        i1_0.product_id,
        i1_0.product_name,
        i1_0.quantity,
        i1_0.seller_id 
    from
        order_items i1_0 
    where
        i1_0.order_id=?
Hibernate: 
    select
        i1_0.order_id,
        i1_0.id,
        i1_0.image_url,
        i1_0.item_status,
        i1_0.price_at_purchase,
        i1_0.product_id,
        i1_0.product_name,
        i1_0.quantity,
        i1_0.seller_id 
    from
        order_items i1_0 
    where
        i1_0.order_id=?
Hibernate: 
    select
        i1_0.order_id,
        i1_0.id,
        i1_0.image_url,
        i1_0.item_status,
        i1_0.price_at_purchase,
        i1_0.product_id,
        i1_0.product_name,
        i1_0.quantity,
        i1_0.seller_id 
    from
        order_items i1_0 
    where
        i1_0.order_id=?
Hibernate: 
    select
        i1_0.order_id,
        i1_0.id,
        i1_0.image_url,
        i1_0.item_status,
        i1_0.price_at_purchase,
        i1_0.product_id,
        i1_0.product_name,
        i1_0.quantity,
        i1_0.seller_id 
    from
        order_items i1_0 
    where
        i1_0.order_id=?
Hibernate: 
    select
        i1_0.order_id,
        i1_0.id,
        i1_0.image_url,
        i1_0.item_status,
        i1_0.price_at_purchase,
        i1_0.product_id,
        i1_0.product_name,
        i1_0.quantity,
        i1_0.seller_id 
    from
        order_items i1_0 
    where
        i1_0.order_id=?
Hibernate: 
    select
        i1_0.order_id,
        i1_0.id,
        i1_0.image_url,
        i1_0.item_status,
        i1_0.price_at_purchase,
        i1_0.product_id,
        i1_0.product_name,
        i1_0.quantity,
        i1_0.seller_id 
    from
        order_items i1_0 
    where
        i1_0.order_id=?
Hibernate: 
    select
        i1_0.order_id,
        i1_0.id,
        i1_0.image_url,
        i1_0.item_status,
        i1_0.price_at_purchase,
        i1_0.product_id,
        i1_0.product_name,
        i1_0.quantity,
        i1_0.seller_id 
    from
        order_items i1_0 
    where
        i1_0.order_id=?
Hibernate: 
    select
        i1_0.order_id,
        i1_0.id,
        i1_0.image_url,
        i1_0.item_status,
        i1_0.price_at_purchase,
        i1_0.product_id,
        i1_0.product_name,
        i1_0.quantity,
        i1_0.seller_id 
    from
        order_items i1_0 
    where
        i1_0.order_id=?
Hibernate: 
    select
        i1_0.order_id,
        i1_0.id,
        i1_0.image_url,
        i1_0.item_status,
        i1_0.price_at_purchase,
        i1_0.product_id,
        i1_0.product_name,
        i1_0.quantity,
        i1_0.seller_id 
    from
        order_items i1_0 
    where
        i1_0.order_id=?
Hibernate: 
    select
        i1_0.order_id,
        i1_0.id,
        i1_0.image_url,
        i1_0.item_status,
        i1_0.price_at_purchase,
        i1_0.product_id,
        i1_0.product_name,
        i1_0.quantity,
        i1_0.seller_id 
    from
        order_items i1_0 
    where
        i1_0.order_id=?
Hibernate: 
    select
        i1_0.order_id,
        i1_0.id,
        i1_0.image_url,
        i1_0.item_status,
        i1_0.price_at_purchase,
        i1_0.product_id,
        i1_0.product_name,
        i1_0.quantity,
        i1_0.seller_id 
    from
        order_items i1_0 
    where
        i1_0.order_id=?
Hibernate: 
    select
        i1_0.order_id,
        i1_0.id,
        i1_0.image_url,
        i1_0.item_status,
        i1_0.price_at_purchase,
        i1_0.product_id,
        i1_0.product_name,
        i1_0.quantity,
        i1_0.seller_id 
    from
        order_items i1_0 
    where
        i1_0.order_id=?
Hibernate: 
    select
        i1_0.order_id,
        i1_0.id,
        i1_0.image_url,
        i1_0.item_status,
        i1_0.price_at_purchase,
        i1_0.product_id,
        i1_0.product_name,
        i1_0.quantity,
        i1_0.seller_id 
    from
        order_items i1_0 
    where
        i1_0.order_id=?
Hibernate: 
    select
        i1_0.order_id,
        i1_0.id,
        i1_0.image_url,
        i1_0.item_status,
        i1_0.price_at_purchase,
        i1_0.product_id,
        i1_0.product_name,
        i1_0.quantity,
        i1_0.seller_id 
    from
        order_items i1_0 
    where
        i1_0.order_id=?
Hibernate: 
    select
        i1_0.order_id,
        i1_0.id,
        i1_0.image_url,
        i1_0.item_status,
        i1_0.price_at_purchase,
        i1_0.product_id,
        i1_0.product_name,
        i1_0.quantity,
        i1_0.seller_id 
    from
        order_items i1_0 
    where
        i1_0.order_id=?
Hibernate: 
    select
        i1_0.order_id,
        i1_0.id,
        i1_0.image_url,
        i1_0.item_status,
        i1_0.price_at_purchase,
        i1_0.product_id,
        i1_0.product_name,
        i1_0.quantity,
        i1_0.seller_id 
    from
        order_items i1_0 
    where
        i1_0.order_id=?
Hibernate: 
    select
        i1_0.order_id,
        i1_0.id,
        i1_0.image_url,
        i1_0.item_status,
        i1_0.price_at_purchase,
        i1_0.product_id,
        i1_0.product_name,
        i1_0.quantity,
        i1_0.seller_id 
    from
        order_items i1_0 
    where
        i1_0.order_id=?
Hibernate: 
    select
        i1_0.order_id,
        i1_0.id,
        i1_0.image_url,
        i1_0.item_status,
        i1_0.price_at_purchase,
        i1_0.product_id,
        i1_0.product_name,
        i1_0.quantity,
        i1_0.seller_id 
    from
        order_items i1_0 
    where
        i1_0.order_id=?
Hibernate: 
    select
        i1_0.order_id,
        i1_0.id,
        i1_0.image_url,
        i1_0.item_status,
        i1_0.price_at_purchase,
        i1_0.product_id,
        i1_0.product_name,
        i1_0.quantity,
        i1_0.seller_id 
    from
        order_items i1_0 
    where
        i1_0.order_id=?
Hibernate: 
    select
        i1_0.order_id,
        i1_0.id,
        i1_0.image_url,
        i1_0.item_status,
        i1_0.price_at_purchase,
        i1_0.product_id,
        i1_0.product_name,
        i1_0.quantity,
        i1_0.seller_id 
    from
        order_items i1_0 
    where
        i1_0.order_id=?
Hibernate: 
    select
        i1_0.order_id,
        i1_0.id,
        i1_0.image_url,
        i1_0.item_status,
        i1_0.price_at_purchase,
        i1_0.product_id,
        i1_0.product_name,
        i1_0.quantity,
        i1_0.seller_id 
    from
        order_items i1_0 
    where
        i1_0.order_id=?
Hibernate: 
    select
        i1_0.order_id,
        i1_0.id,
        i1_0.image_url,
        i1_0.item_status,
        i1_0.price_at_purchase,
        i1_0.product_id,
        i1_0.product_name,
        i1_0.quantity,
        i1_0.seller_id 
    from
        order_items i1_0 
    where
        i1_0.order_id=?
Hibernate: 
    select
        i1_0.order_id,
        i1_0.id,
        i1_0.image_url,
        i1_0.item_status,
        i1_0.price_at_purchase,
        i1_0.product_id,
        i1_0.product_name,
        i1_0.quantity,
        i1_0.seller_id 
    from
        order_items i1_0 
    where
        i1_0.order_id=?
Hibernate: 
    select
        i1_0.order_id,
        i1_0.id,
        i1_0.image_url,
        i1_0.item_status,
        i1_0.price_at_purchase,
        i1_0.product_id,
        i1_0.product_name,
        i1_0.quantity,
        i1_0.seller_id 
    from
        order_items i1_0 
    where
        i1_0.order_id=?
Hibernate: 
    select
        i1_0.order_id,
        i1_0.id,
        i1_0.image_url,
        i1_0.item_status,
        i1_0.price_at_purchase,
        i1_0.product_id,
        i1_0.product_name,
        i1_0.quantity,
        i1_0.seller_id 
    from
        order_items i1_0 
    where
        i1_0.order_id=?
Hibernate: 
    select
        i1_0.order_id,
        i1_0.id,
        i1_0.image_url,
        i1_0.item_status,
        i1_0.price_at_purchase,
        i1_0.product_id,
        i1_0.product_name,
        i1_0.quantity,
        i1_0.seller_id 
    from
        order_items i1_0 
    where
        i1_0.order_id=?
Hibernate: 
    select
        i1_0.order_id,
        i1_0.id,
        i1_0.image_url,
        i1_0.item_status,
        i1_0.price_at_purchase,
        i1_0.product_id,
        i1_0.product_name,
        i1_0.quantity,
        i1_0.seller_id 
    from
        order_items i1_0 
    where
        i1_0.order_id=?
Hibernate: 
    select
        i1_0.order_id,
        i1_0.id,
        i1_0.image_url,
        i1_0.item_status,
        i1_0.price_at_purchase,
        i1_0.product_id,
        i1_0.product_name,
        i1_0.quantity,
        i1_0.seller_id 
    from
        order_items i1_0 
    where
        i1_0.order_id=?
Hibernate: 
    select
        i1_0.order_id,
        i1_0.id,
        i1_0.image_url,
        i1_0.item_status,
        i1_0.price_at_purchase,
        i1_0.product_id,
        i1_0.product_name,
        i1_0.quantity,
        i1_0.seller_id 
    from
        order_items i1_0 
    where
        i1_0.order_id=?
Hibernate: 
    select
        i1_0.order_id,
        i1_0.id,
        i1_0.image_url,
        i1_0.item_status,
        i1_0.price_at_purchase,
        i1_0.product_id,
        i1_0.product_name,
        i1_0.quantity,
        i1_0.seller_id 
    from
        order_items i1_0 
    where
        i1_0.order_id=?
Hibernate: 
    select
        i1_0.order_id,
        i1_0.id,
        i1_0.image_url,
        i1_0.item_status,
        i1_0.price_at_purchase,
        i1_0.product_id,
        i1_0.product_name,
        i1_0.quantity,
        i1_0.seller_id 
    from
        order_items i1_0 
    where
        i1_0.order_id=?
Hibernate: 
    select
        i1_0.order_id,
        i1_0.id,
        i1_0.image_url,
        i1_0.item_status,
        i1_0.price_at_purchase,
        i1_0.product_id,
        i1_0.product_name,
        i1_0.quantity,
        i1_0.seller_id 
    from
        order_items i1_0 
    where
        i1_0.order_id=?
Hibernate: 
    select
        i1_0.order_id,
        i1_0.id,
        i1_0.image_url,
        i1_0.item_status,
        i1_0.price_at_purchase,
        i1_0.product_id,
        i1_0.product_name,
        i1_0.quantity,
        i1_0.seller_id 
    from
        order_items i1_0 
    where
        i1_0.order_id=?
Hibernate: 
    select
        i1_0.order_id,
        i1_0.id,
        i1_0.image_url,
        i1_0.item_status,
        i1_0.price_at_purchase,
        i1_0.product_id,
        i1_0.product_name,
        i1_0.quantity,
        i1_0.seller_id 
    from
        order_items i1_0 
    where
        i1_0.order_id=?
Hibernate: 
    select
        i1_0.order_id,
        i1_0.id,
        i1_0.image_url,
        i1_0.item_status,
        i1_0.price_at_purchase,
        i1_0.product_id,
        i1_0.product_name,
        i1_0.quantity,
        i1_0.seller_id 
    from
        order_items i1_0 
    where
        i1_0.order_id=?
Hibernate: 
    select
        i1_0.order_id,
        i1_0.id,
        i1_0.image_url,
        i1_0.item_status,
        i1_0.price_at_purchase,
        i1_0.product_id,
        i1_0.product_name,
        i1_0.quantity,
        i1_0.seller_id 
    from
        order_items i1_0 
    where
        i1_0.order_id=?
Hibernate: 
    select
        i1_0.order_id,
        i1_0.id,
        i1_0.image_url,
        i1_0.item_status,
        i1_0.price_at_purchase,
        i1_0.product_id,
        i1_0.product_name,
        i1_0.quantity,
        i1_0.seller_id 
    from
        order_items i1_0 
    where
        i1_0.order_id=?
Hibernate: 
    select
        i1_0.order_id,
        i1_0.id,
        i1_0.image_url,
        i1_0.item_status,
        i1_0.price_at_purchase,
        i1_0.product_id,
        i1_0.product_name,
        i1_0.quantity,
        i1_0.seller_id 
    from
        order_items i1_0 
    where
        i1_0.order_id=?
Hibernate: 
    select
        i1_0.order_id,
        i1_0.id,
        i1_0.image_url,
        i1_0.item_status,
        i1_0.price_at_purchase,
        i1_0.product_id,
        i1_0.product_name,
        i1_0.quantity,
        i1_0.seller_id 
    from
        order_items i1_0 
    where
        i1_0.order_id=?
Hibernate: 
    select
        i1_0.order_id,
        i1_0.id,
        i1_0.image_url,
        i1_0.item_status,
        i1_0.price_at_purchase,
        i1_0.product_id,
        i1_0.product_name,
        i1_0.quantity,
        i1_0.seller_id 
    from
        order_items i1_0 
    where
        i1_0.order_id=?
Hibernate: 
    select
        i1_0.order_id,
        i1_0.id,
        i1_0.image_url,
        i1_0.item_status,
        i1_0.price_at_purchase,
        i1_0.product_id,
        i1_0.product_name,
        i1_0.quantity,
        i1_0.seller_id 
    from
        order_items i1_0 
    where
        i1_0.order_id=?
Hibernate: 
    select
        i1_0.order_id,
        i1_0.id,
        i1_0.image_url,
        i1_0.item_status,
        i1_0.price_at_purchase,
        i1_0.product_id,
        i1_0.product_name,
        i1_0.quantity,
        i1_0.seller_id 
    from
        order_items i1_0 
    where
        i1_0.order_id=?
Hibernate: 
    select
        i1_0.order_id,
        i1_0.id,
        i1_0.image_url,
        i1_0.item_status,
        i1_0.price_at_purchase,
        i1_0.product_id,
        i1_0.product_name,
        i1_0.quantity,
        i1_0.seller_id 
    from
        order_items i1_0 
    where
        i1_0.order_id=?
Hibernate: 
    select
        i1_0.order_id,
        i1_0.id,
        i1_0.image_url,
        i1_0.item_status,
        i1_0.price_at_purchase,
        i1_0.product_id,
        i1_0.product_name,
        i1_0.quantity,
        i1_0.seller_id 
    from
        order_items i1_0 
    where
        i1_0.order_id=?
Hibernate: 
    select
        i1_0.order_id,
        i1_0.id,
        i1_0.image_url,
        i1_0.item_status,
        i1_0.price_at_purchase,
        i1_0.product_id,
        i1_0.product_name,
        i1_0.quantity,
        i1_0.seller_id 
    from
        order_items i1_0 
    where
        i1_0.order_id=?
Hibernate: 
    select
        i1_0.order_id,
        i1_0.id,
        i1_0.image_url,
        i1_0.item_status,
        i1_0.price_at_purchase,
        i1_0.product_id,
        i1_0.product_name,
        i1_0.quantity,
        i1_0.seller_id 
    from
        order_items i1_0 
    where
        i1_0.order_id=?
Hibernate: 
    select
        i1_0.order_id,
        i1_0.id,
        i1_0.image_url,
        i1_0.item_status,
        i1_0.price_at_purchase,
        i1_0.product_id,
        i1_0.product_name,
        i1_0.quantity,
        i1_0.seller_id 
    from
        order_items i1_0 
    where
        i1_0.order_id=?
Hibernate: 
    select
        i1_0.order_id,
        i1_0.id,
        i1_0.image_url,
        i1_0.item_status,
        i1_0.price_at_purchase,
        i1_0.product_id,
        i1_0.product_name,
        i1_0.quantity,
        i1_0.seller_id 
    from
        order_items i1_0 
    where
        i1_0.order_id=?
Hibernate: 
    select
        i1_0.order_id,
        i1_0.id,
        i1_0.image_url,
        i1_0.item_status,
        i1_0.price_at_purchase,
        i1_0.product_id,
        i1_0.product_name,
        i1_0.quantity,
        i1_0.seller_id 
    from
        order_items i1_0 
    where
        i1_0.order_id=?
Hibernate: 
    select
        i1_0.order_id,
        i1_0.id,
        i1_0.image_url,
        i1_0.item_status,
        i1_0.price_at_purchase,
        i1_0.product_id,
        i1_0.product_name,
        i1_0.quantity,
        i1_0.seller_id 
    from
        order_items i1_0 
    where
        i1_0.order_id=?
Hibernate: 
    select
        i1_0.order_id,
        i1_0.id,
        i1_0.image_url,
        i1_0.item_status,
        i1_0.price_at_purchase,
        i1_0.product_id,
        i1_0.product_name,
        i1_0.quantity,
        i1_0.seller_id 
    from
        order_items i1_0 
    where
        i1_0.order_id=?
Hibernate: 
    select
        i1_0.order_id,
        i1_0.id,
        i1_0.image_url,
        i1_0.item_status,
        i1_0.price_at_purchase,
        i1_0.product_id,
        i1_0.product_name,
        i1_0.quantity,
        i1_0.seller_id 
    from
        order_items i1_0 
    where
        i1_0.order_id=?
Hibernate: 
    select
        i1_0.order_id,
        i1_0.id,
        i1_0.image_url,
        i1_0.item_status,
        i1_0.price_at_purchase,
        i1_0.product_id,
        i1_0.product_name,
        i1_0.quantity,
        i1_0.seller_id 
    from
        order_items i1_0 
    where
        i1_0.order_id=?
Hibernate: 
    select
        i1_0.order_id,
        i1_0.id,
        i1_0.image_url,
        i1_0.item_status,
        i1_0.price_at_purchase,
        i1_0.product_id,
        i1_0.product_name,
        i1_0.quantity,
        i1_0.seller_id 
    from
        order_items i1_0 
    where
        i1_0.order_id=?
Hibernate: 
    select
        i1_0.order_id,
        i1_0.id,
        i1_0.image_url,
        i1_0.item_status,
        i1_0.price_at_purchase,
        i1_0.product_id,
        i1_0.product_name,
        i1_0.quantity,
        i1_0.seller_id 
    from
        order_items i1_0 
    where
        i1_0.order_id=?
Hibernate: 
    select
        i1_0.order_id,
        i1_0.id,
        i1_0.image_url,
        i1_0.item_status,
        i1_0.price_at_purchase,
        i1_0.product_id,
        i1_0.product_name,
        i1_0.quantity,
        i1_0.seller_id 
    from
        order_items i1_0 
    where
        i1_0.order_id=?
Hibernate: 
    select
        i1_0.order_id,
        i1_0.id,
        i1_0.image_url,
        i1_0.item_status,
        i1_0.price_at_purchase,
        i1_0.product_id,
        i1_0.product_name,
        i1_0.quantity,
        i1_0.seller_id 
    from
        order_items i1_0 
    where
        i1_0.order_id=?
Hibernate: 
    select
        i1_0.order_id,
        i1_0.id,
        i1_0.image_url,
        i1_0.item_status,
        i1_0.price_at_purchase,
        i1_0.product_id,
        i1_0.product_name,
        i1_0.quantity,
        i1_0.seller_id 
    from
        order_items i1_0 
    where
        i1_0.order_id=?
Hibernate: 
    select
        i1_0.order_id,
        i1_0.id,
        i1_0.image_url,
        i1_0.item_status,
        i1_0.price_at_purchase,
        i1_0.product_id,
        i1_0.product_name,
        i1_0.quantity,
        i1_0.seller_id 
    from
        order_items i1_0 
    where
        i1_0.order_id=?
Hibernate: 
    select
        i1_0.order_id,
        i1_0.id,
        i1_0.image_url,
        i1_0.item_status,
        i1_0.price_at_purchase,
        i1_0.product_id,
        i1_0.product_name,
        i1_0.quantity,
        i1_0.seller_id 
    from
        order_items i1_0 
    where
        i1_0.order_id=?
Hibernate: 
    select
        i1_0.order_id,
        i1_0.id,
        i1_0.image_url,
        i1_0.item_status,
        i1_0.price_at_purchase,
        i1_0.product_id,
        i1_0.product_name,
        i1_0.quantity,
        i1_0.seller_id 
    from
        order_items i1_0 
    where
        i1_0.order_id=?
Hibernate: 
    select
        i1_0.order_id,
        i1_0.id,
        i1_0.image_url,
        i1_0.item_status,
        i1_0.price_at_purchase,
        i1_0.product_id,
        i1_0.product_name,
        i1_0.quantity,
        i1_0.seller_id 
    from
        order_items i1_0 
    where
        i1_0.order_id=?
Hibernate: 
    select
        i1_0.order_id,
        i1_0.id,
        i1_0.image_url,
        i1_0.item_status,
        i1_0.price_at_purchase,
        i1_0.product_id,
        i1_0.product_name,
        i1_0.quantity,
        i1_0.seller_id 
    from
        order_items i1_0 
    where
        i1_0.order_id=?
Hibernate: 
    select
        i1_0.order_id,
        i1_0.id,
        i1_0.image_url,
        i1_0.item_status,
        i1_0.price_at_purchase,
        i1_0.product_id,
        i1_0.product_name,
        i1_0.quantity,
        i1_0.seller_id 
    from
        order_items i1_0 
    where
        i1_0.order_id=?
Hibernate: 
    select
        i1_0.order_id,
        i1_0.id,
        i1_0.image_url,
        i1_0.item_status,
        i1_0.price_at_purchase,
        i1_0.product_id,
        i1_0.product_name,
        i1_0.quantity,
        i1_0.seller_id 
    from
        order_items i1_0 
    where
        i1_0.order_id=?
Hibernate: 
    select
        i1_0.order_id,
        i1_0.id,
        i1_0.image_url,
        i1_0.item_status,
        i1_0.price_at_purchase,
        i1_0.product_id,
        i1_0.product_name,
        i1_0.quantity,
        i1_0.seller_id 
    from
        order_items i1_0 
    where
        i1_0.order_id=?
Hibernate: 
    select
        i1_0.order_id,
        i1_0.id,
        i1_0.image_url,
        i1_0.item_status,
        i1_0.price_at_purchase,
        i1_0.product_id,
        i1_0.product_name,
        i1_0.quantity,
        i1_0.seller_id 
    from
        order_items i1_0 
    where
        i1_0.order_id=?
Hibernate: 
    select
        i1_0.order_id,
        i1_0.id,
        i1_0.image_url,
        i1_0.item_status,
        i1_0.price_at_purchase,
        i1_0.product_id,
        i1_0.product_name,
        i1_0.quantity,
        i1_0.seller_id 
    from
        order_items i1_0 
    where
        i1_0.order_id=?
Hibernate: 
    select
        i1_0.order_id,
        i1_0.id,
        i1_0.image_url,
        i1_0.item_status,
        i1_0.price_at_purchase,
        i1_0.product_id,
        i1_0.product_name,
        i1_0.quantity,
        i1_0.seller_id 
    from
        order_items i1_0 
    where
        i1_0.order_id=?
Hibernate: 
    select
        i1_0.order_id,
        i1_0.id,
        i1_0.image_url,
        i1_0.item_status,
        i1_0.price_at_purchase,
        i1_0.product_id,
        i1_0.product_name,
        i1_0.quantity,
        i1_0.seller_id 
    from
        order_items i1_0 
    where
        i1_0.order_id=?
Hibernate: 
    select
        i1_0.order_id,
        i1_0.id,
        i1_0.image_url,
        i1_0.item_status,
        i1_0.price_at_purchase,
        i1_0.product_id,
        i1_0.product_name,
        i1_0.quantity,
        i1_0.seller_id 
    from
        order_items i1_0 
    where
        i1_0.order_id=?
Hibernate: 
    select
        i1_0.order_id,
        i1_0.id,
        i1_0.image_url,
        i1_0.item_status,
        i1_0.price_at_purchase,
        i1_0.product_id,
        i1_0.product_name,
        i1_0.quantity,
        i1_0.seller_id 
    from
        order_items i1_0 
    where
        i1_0.order_id=?
Hibernate: 
    select
        i1_0.order_id,
        i1_0.id,
        i1_0.image_url,
        i1_0.item_status,
        i1_0.price_at_purchase,
        i1_0.product_id,
        i1_0.product_name,
        i1_0.quantity,
        i1_0.seller_id 
    from
        order_items i1_0 
    where
        i1_0.order_id=?
Hibernate: 
    select
        i1_0.order_id,
        i1_0.id,
        i1_0.image_url,
        i1_0.item_status,
        i1_0.price_at_purchase,
        i1_0.product_id,
        i1_0.product_name,
        i1_0.quantity,
        i1_0.seller_id 
    from
        order_items i1_0 
    where
        i1_0.order_id=?
Hibernate: 
    select
        i1_0.order_id,
        i1_0.id,
        i1_0.image_url,
        i1_0.item_status,
        i1_0.price_at_purchase,
        i1_0.product_id,
        i1_0.product_name,
        i1_0.quantity,
        i1_0.seller_id 
    from
        order_items i1_0 
    where
        i1_0.order_id=?
Hibernate: 
    select
        i1_0.order_id,
        i1_0.id,
        i1_0.image_url,
        i1_0.item_status,
        i1_0.price_at_purchase,
        i1_0.product_id,
        i1_0.product_name,
        i1_0.quantity,
        i1_0.seller_id 
    from
        order_items i1_0 
    where
        i1_0.order_id=?
Hibernate: 
    select
        i1_0.order_id,
        i1_0.id,
        i1_0.image_url,
        i1_0.item_status,
        i1_0.price_at_purchase,
        i1_0.product_id,
        i1_0.product_name,
        i1_0.quantity,
        i1_0.seller_id 
    from
        order_items i1_0 
    where
        i1_0.order_id=?
Hibernate: 
    select
        i1_0.order_id,
        i1_0.id,
        i1_0.image_url,
        i1_0.item_status,
        i1_0.price_at_purchase,
        i1_0.product_id,
        i1_0.product_name,
        i1_0.quantity,
        i1_0.seller_id 
    from
        order_items i1_0 
    where
        i1_0.order_id=?
Hibernate: 
    select
        i1_0.order_id,
        i1_0.id,
        i1_0.image_url,
        i1_0.item_status,
        i1_0.price_at_purchase,
        i1_0.product_id,
        i1_0.product_name,
        i1_0.quantity,
        i1_0.seller_id 
    from
        order_items i1_0 
    where
        i1_0.order_id=?
Hibernate: 
    select
        i1_0.order_id,
        i1_0.id,
        i1_0.image_url,
        i1_0.item_status,
        i1_0.price_at_purchase,
        i1_0.product_id,
        i1_0.product_name,
        i1_0.quantity,
        i1_0.seller_id 
    from
        order_items i1_0 
    where
        i1_0.order_id=?
Hibernate: 
    select
        i1_0.order_id,
        i1_0.id,
        i1_0.image_url,
        i1_0.item_status,
        i1_0.price_at_purchase,
        i1_0.product_id,
        i1_0.product_name,
        i1_0.quantity,
        i1_0.seller_id 
    from
        order_items i1_0 
    where
        i1_0.order_id=?
Hibernate: 
    select
        i1_0.order_id,
        i1_0.id,
        i1_0.image_url,
        i1_0.item_status,
        i1_0.price_at_purchase,
        i1_0.product_id,
        i1_0.product_name,
        i1_0.quantity,
        i1_0.seller_id 
    from
        order_items i1_0 
    where
        i1_0.order_id=?
Hibernate: 
    select
        i1_0.order_id,
        i1_0.id,
        i1_0.image_url,
        i1_0.item_status,
        i1_0.price_at_purchase,
        i1_0.product_id,
        i1_0.product_name,
        i1_0.quantity,
        i1_0.seller_id 
    from
        order_items i1_0 
    where
        i1_0.order_id=?
Hibernate: 
    select
        i1_0.order_id,
        i1_0.id,
        i1_0.image_url,
        i1_0.item_status,
        i1_0.price_at_purchase,
        i1_0.product_id,
        i1_0.product_name,
        i1_0.quantity,
        i1_0.seller_id 
    from
        order_items i1_0 
    where
        i1_0.order_id=?
Hibernate: 
    select
        i1_0.order_id,
        i1_0.id,
        i1_0.image_url,
        i1_0.item_status,
        i1_0.price_at_purchase,
        i1_0.product_id,
        i1_0.product_name,
        i1_0.quantity,
        i1_0.seller_id 
    from
        order_items i1_0 
    where
        i1_0.order_id=?
Hibernate: 
    select
        i1_0.order_id,
        i1_0.id,
        i1_0.image_url,
        i1_0.item_status,
        i1_0.price_at_purchase,
        i1_0.product_id,
        i1_0.product_name,
        i1_0.quantity,
        i1_0.seller_id 
    from
        order_items i1_0 
    where
        i1_0.order_id=?
Hibernate: 
    select
        i1_0.order_id,
        i1_0.id,
        i1_0.image_url,
        i1_0.item_status,
        i1_0.price_at_purchase,
        i1_0.product_id,
        i1_0.product_name,
        i1_0.quantity,
        i1_0.seller_id 
    from
        order_items i1_0 
    where
        i1_0.order_id=?
Hibernate: 
    select
        i1_0.order_id,
        i1_0.id,
        i1_0.image_url,
        i1_0.item_status,
        i1_0.price_at_purchase,
        i1_0.product_id,
        i1_0.product_name,
        i1_0.quantity,
        i1_0.seller_id 
    from
        order_items i1_0 
    where
        i1_0.order_id=?
Hibernate: 
    select
        i1_0.order_id,
        i1_0.id,
        i1_0.image_url,
        i1_0.item_status,
        i1_0.price_at_purchase,
        i1_0.product_id,
        i1_0.product_name,
        i1_0.quantity,
        i1_0.seller_id 
    from
        order_items i1_0 
    where
        i1_0.order_id=?
Hibernate: 
    select
        i1_0.order_id,
        i1_0.id,
        i1_0.image_url,
        i1_0.item_status,
        i1_0.price_at_purchase,
        i1_0.product_id,
        i1_0.product_name,
        i1_0.quantity,
        i1_0.seller_id 
    from
        order_items i1_0 
    where
        i1_0.order_id=?
Hibernate: 
    select
        i1_0.order_id,
        i1_0.id,
        i1_0.image_url,
        i1_0.item_status,
        i1_0.price_at_purchase,
        i1_0.product_id,
        i1_0.product_name,
        i1_0.quantity,
        i1_0.seller_id 
    from
        order_items i1_0 
    where
        i1_0.order_id=?
Hibernate: 
    select
        i1_0.order_id,
        i1_0.id,
        i1_0.image_url,
        i1_0.item_status,
        i1_0.price_at_purchase,
        i1_0.product_id,
        i1_0.product_name,
        i1_0.quantity,
        i1_0.seller_id 
    from
        order_items i1_0 
    where
        i1_0.order_id=?
Hibernate: 
    select
        i1_0.order_id,
        i1_0.id,
        i1_0.image_url,
        i1_0.item_status,
        i1_0.price_at_purchase,
        i1_0.product_id,
        i1_0.product_name,
        i1_0.quantity,
        i1_0.seller_id 
    from
        order_items i1_0 
    where
        i1_0.order_id=?
Hibernate: 
    select
        i1_0.order_id,
        i1_0.id,
        i1_0.image_url,
        i1_0.item_status,
        i1_0.price_at_purchase,
        i1_0.product_id,
        i1_0.product_name,
        i1_0.quantity,
        i1_0.seller_id 
    from
        order_items i1_0 
    where
        i1_0.order_id=?
Hibernate: 
    select
        i1_0.order_id,
        i1_0.id,
        i1_0.image_url,
        i1_0.item_status,
        i1_0.price_at_purchase,
        i1_0.product_id,
        i1_0.product_name,
        i1_0.quantity,
        i1_0.seller_id 
    from
        order_items i1_0 
    where
        i1_0.order_id=?
Hibernate: 
    select
        i1_0.order_id,
        i1_0.id,
        i1_0.image_url,
        i1_0.item_status,
        i1_0.price_at_purchase,
        i1_0.product_id,
        i1_0.product_name,
        i1_0.quantity,
        i1_0.seller_id 
    from
        order_items i1_0 
    where
        i1_0.order_id=?
Hibernate: 
    select
        i1_0.order_id,
        i1_0.id,
        i1_0.image_url,
        i1_0.item_status,
        i1_0.price_at_purchase,
        i1_0.product_id,
        i1_0.product_name,
        i1_0.quantity,
        i1_0.seller_id 
    from
        order_items i1_0 
    where
        i1_0.order_id=?
Hibernate: 
    select
        i1_0.order_id,
        i1_0.id,
        i1_0.image_url,
        i1_0.item_status,
        i1_0.price_at_purchase,
        i1_0.product_id,
        i1_0.product_name,
        i1_0.quantity,
        i1_0.seller_id 
    from
        order_items i1_0 
    where
        i1_0.order_id=?
Hibernate: 
    select
        i1_0.order_id,
        i1_0.id,
        i1_0.image_url,
        i1_0.item_status,
        i1_0.price_at_purchase,
        i1_0.product_id,
        i1_0.product_name,
        i1_0.quantity,
        i1_0.seller_id 
    from
        order_items i1_0 
    where
        i1_0.order_id=?
Hibernate: 
    select
        i1_0.order_id,
        i1_0.id,
        i1_0.image_url,
        i1_0.item_status,
        i1_0.price_at_purchase,
        i1_0.product_id,
        i1_0.product_name,
        i1_0.quantity,
        i1_0.seller_id 
    from
        order_items i1_0 
    where
        i1_0.order_id=?
Hibernate: 
    select
        i1_0.order_id,
        i1_0.id,
        i1_0.image_url,
        i1_0.item_status,
        i1_0.price_at_purchase,
        i1_0.product_id,
        i1_0.product_name,
        i1_0.quantity,
        i1_0.seller_id 
    from
        order_items i1_0 
    where
        i1_0.order_id=?
Hibernate: 
    select
        i1_0.order_id,
        i1_0.id,
        i1_0.image_url,
        i1_0.item_status,
        i1_0.price_at_purchase,
        i1_0.product_id,
        i1_0.product_name,
        i1_0.quantity,
        i1_0.seller_id 
    from
        order_items i1_0 
    where
        i1_0.order_id=?
Hibernate: 
    select
        i1_0.order_id,
        i1_0.id,
        i1_0.image_url,
        i1_0.item_status,
        i1_0.price_at_purchase,
        i1_0.product_id,
        i1_0.product_name,
        i1_0.quantity,
        i1_0.seller_id 
    from
        order_items i1_0 
    where
        i1_0.order_id=?
Hibernate: 
    select
        i1_0.order_id,
        i1_0.id,
        i1_0.image_url,
        i1_0.item_status,
        i1_0.price_at_purchase,
        i1_0.product_id,
        i1_0.product_name,
        i1_0.quantity,
        i1_0.seller_id 
    from
        order_items i1_0 
    where
        i1_0.order_id=?
Hibernate: 
    select
        i1_0.order_id,
        i1_0.id,
        i1_0.image_url,
        i1_0.item_status,
        i1_0.price_at_purchase,
        i1_0.product_id,
        i1_0.product_name,
        i1_0.quantity,
        i1_0.seller_id 
    from
        order_items i1_0 
    where
        i1_0.order_id=?
Hibernate: 
    select
        i1_0.order_id,
        i1_0.id,
        i1_0.image_url,
        i1_0.item_status,
        i1_0.price_at_purchase,
        i1_0.product_id,
        i1_0.product_name,
        i1_0.quantity,
        i1_0.seller_id 
    from
        order_items i1_0 
    where
        i1_0.order_id=?
Hibernate: 
    select
        i1_0.order_id,
        i1_0.id,
        i1_0.image_url,
        i1_0.item_status,
        i1_0.price_at_purchase,
        i1_0.product_id,
        i1_0.product_name,
        i1_0.quantity,
        i1_0.seller_id 
    from
        order_items i1_0 
    where
        i1_0.order_id=?
Hibernate: 
    select
        i1_0.order_id,
        i1_0.id,
        i1_0.image_url,
        i1_0.item_status,
        i1_0.price_at_purchase,
        i1_0.product_id,
        i1_0.product_name,
        i1_0.quantity,
        i1_0.seller_id 
    from
        order_items i1_0 
    where
        i1_0.order_id=?
Hibernate: 
    select
        i1_0.order_id,
        i1_0.id,
        i1_0.image_url,
        i1_0.item_status,
        i1_0.price_at_purchase,
        i1_0.product_id,
        i1_0.product_name,
        i1_0.quantity,
        i1_0.seller_id 
    from
        order_items i1_0 
    where
        i1_0.order_id=?
Hibernate: 
    select
        i1_0.order_id,
        i1_0.id,
        i1_0.image_url,
        i1_0.item_status,
        i1_0.price_at_purchase,
        i1_0.product_id,
        i1_0.product_name,
        i1_0.quantity,
        i1_0.seller_id 
    from
        order_items i1_0 
    where
        i1_0.order_id=?
Hibernate: 
    select
        i1_0.order_id,
        i1_0.id,
        i1_0.image_url,
        i1_0.item_status,
        i1_0.price_at_purchase,
        i1_0.product_id,
        i1_0.product_name,
        i1_0.quantity,
        i1_0.seller_id 
    from
        order_items i1_0 
    where
        i1_0.order_id=?
Hibernate: 
    select
        i1_0.order_id,
        i1_0.id,
        i1_0.image_url,
        i1_0.item_status,
        i1_0.price_at_purchase,
        i1_0.product_id,
        i1_0.product_name,
        i1_0.quantity,
        i1_0.seller_id 
    from
        order_items i1_0 
    where
        i1_0.order_id=?
Hibernate: 
    select
        i1_0.order_id,
        i1_0.id,
        i1_0.image_url,
        i1_0.item_status,
        i1_0.price_at_purchase,
        i1_0.product_id,
        i1_0.product_name,
        i1_0.quantity,
        i1_0.seller_id 
    from
        order_items i1_0 
    where
        i1_0.order_id=?
Hibernate: 
    select
        i1_0.order_id,
        i1_0.id,
        i1_0.image_url,
        i1_0.item_status,
        i1_0.price_at_purchase,
        i1_0.product_id,
        i1_0.product_name,
        i1_0.quantity,
        i1_0.seller_id 
    from
        order_items i1_0 
    where
        i1_0.order_id=?
Hibernate: 
    select
        i1_0.order_id,
        i1_0.id,
        i1_0.image_url,
        i1_0.item_status,
        i1_0.price_at_purchase,
        i1_0.product_id,
        i1_0.product_name,
        i1_0.quantity,
        i1_0.seller_id 
    from
        order_items i1_0 
    where
        i1_0.order_id=?
Hibernate: 
    select
        i1_0.order_id,
        i1_0.id,
        i1_0.image_url,
        i1_0.item_status,
        i1_0.price_at_purchase,
        i1_0.product_id,
        i1_0.product_name,
        i1_0.quantity,
        i1_0.seller_id 
    from
        order_items i1_0 
    where
        i1_0.order_id=?
Hibernate: 
    select
        i1_0.order_id,
        i1_0.id,
        i1_0.image_url,
        i1_0.item_status,
        i1_0.price_at_purchase,
        i1_0.product_id,
        i1_0.product_name,
        i1_0.quantity,
        i1_0.seller_id 
    from
        order_items i1_0 
    where
        i1_0.order_id=?
Hibernate: 
    select
        i1_0.order_id,
        i1_0.id,
        i1_0.image_url,
        i1_0.item_status,
        i1_0.price_at_purchase,
        i1_0.product_id,
        i1_0.product_name,
        i1_0.quantity,
        i1_0.seller_id 
    from
        order_items i1_0 
    where
        i1_0.order_id=?
Hibernate: 
    select
        i1_0.order_id,
        i1_0.id,
        i1_0.image_url,
        i1_0.item_status,
        i1_0.price_at_purchase,
        i1_0.product_id,
        i1_0.product_name,
        i1_0.quantity,
        i1_0.seller_id 
    from
        order_items i1_0 
    where
        i1_0.order_id=?
Hibernate: 
    select
        i1_0.order_id,
        i1_0.id,
        i1_0.image_url,
        i1_0.item_status,
        i1_0.price_at_purchase,
        i1_0.product_id,
        i1_0.product_name,
        i1_0.quantity,
        i1_0.seller_id 
    from
        order_items i1_0 
    where
        i1_0.order_id=?
Hibernate: 
    select
        i1_0.order_id,
        i1_0.id,
        i1_0.image_url,
        i1_0.item_status,
        i1_0.price_at_purchase,
        i1_0.product_id,
        i1_0.product_name,
        i1_0.quantity,
        i1_0.seller_id 
    from
        order_items i1_0 
    where
        i1_0.order_id=?
Hibernate: 
    select
        i1_0.order_id,
        i1_0.id,
        i1_0.image_url,
        i1_0.item_status,
        i1_0.price_at_purchase,
        i1_0.product_id,
        i1_0.product_name,
        i1_0.quantity,
        i1_0.seller_id 
    from
        order_items i1_0 
    where
        i1_0.order_id=?
Hibernate: 
    select
        i1_0.order_id,
        i1_0.id,
        i1_0.image_url,
        i1_0.item_status,
        i1_0.price_at_purchase,
        i1_0.product_id,
        i1_0.product_name,
        i1_0.quantity,
        i1_0.seller_id 
    from
        order_items i1_0 
    where
        i1_0.order_id=?
Hibernate: 
    select
        i1_0.order_id,
        i1_0.id,
        i1_0.image_url,
        i1_0.item_status,
        i1_0.price_at_purchase,
        i1_0.product_id,
        i1_0.product_name,
        i1_0.quantity,
        i1_0.seller_id 
    from
        order_items i1_0 
    where
        i1_0.order_id=?
Hibernate: 
    select
        i1_0.order_id,
        i1_0.id,
        i1_0.image_url,
        i1_0.item_status,
        i1_0.price_at_purchase,
        i1_0.product_id,
        i1_0.product_name,
        i1_0.quantity,
        i1_0.seller_id 
    from
        order_items i1_0 
    where
        i1_0.order_id=?
Hibernate: 
    select
        i1_0.order_id,
        i1_0.id,
        i1_0.image_url,
        i1_0.item_status,
        i1_0.price_at_purchase,
        i1_0.product_id,
        i1_0.product_name,
        i1_0.quantity,
        i1_0.seller_id 
    from
        order_items i1_0 
    where
        i1_0.order_id=?
Hibernate: 
    select
        o1_0.id,
        o1_0.buyer_id,
        o1_0.created_at,
        o1_0.payment_id,
        o1_0.payment_status,
        o1_0.shipping_address,
        o1_0.status,
        o1_0.total_amount 
    from
        orders o1_0
Hibernate: 
    select
        i1_0.order_id,
        i1_0.id,
        i1_0.image_url,
        i1_0.item_status,
        i1_0.price_at_purchase,
        i1_0.product_id,
        i1_0.product_name,
        i1_0.quantity,
        i1_0.seller_id 
    from
        order_items i1_0 
    where
        i1_0.order_id=?
Hibernate: 
    select
        i1_0.order_id,
        i1_0.id,
        i1_0.image_url,
        i1_0.item_status,
        i1_0.price_at_purchase,
        i1_0.product_id,
        i1_0.product_name,
        i1_0.quantity,
        i1_0.seller_id 
    from
        order_items i1_0 
    where
        i1_0.order_id=?
Hibernate: 
    select
        i1_0.order_id,
        i1_0.id,
        i1_0.image_url,
        i1_0.item_status,
        i1_0.price_at_purchase,
        i1_0.product_id,
        i1_0.product_name,
        i1_0.quantity,
        i1_0.seller_id 
    from
        order_items i1_0 
    where
        i1_0.order_id=?
Hibernate: 
    select
        i1_0.order_id,
        i1_0.id,
        i1_0.image_url,
        i1_0.item_status,
        i1_0.price_at_purchase,
        i1_0.product_id,
        i1_0.product_name,
        i1_0.quantity,
        i1_0.seller_id 
    from
        order_items i1_0 
    where
        i1_0.order_id=?
Hibernate: 
    select
        i1_0.order_id,
        i1_0.id,
        i1_0.image_url,
        i1_0.item_status,
        i1_0.price_at_purchase,
        i1_0.product_id,
        i1_0.product_name,
        i1_0.quantity,
        i1_0.seller_id 
    from
        order_items i1_0 
    where
        i1_0.order_id=?
Hibernate: 
    select
        i1_0.order_id,
        i1_0.id,
        i1_0.image_url,
        i1_0.item_status,
        i1_0.price_at_purchase,
        i1_0.product_id,
        i1_0.product_name,
        i1_0.quantity,
        i1_0.seller_id 
    from
        order_items i1_0 
    where
        i1_0.order_id=?
Hibernate: 
    select
        i1_0.order_id,
        i1_0.id,
        i1_0.image_url,
        i1_0.item_status,
        i1_0.price_at_purchase,
        i1_0.product_id,
        i1_0.product_name,
        i1_0.quantity,
        i1_0.seller_id 
    from
        order_items i1_0 
    where
        i1_0.order_id=?
Hibernate: 
    select
        i1_0.order_id,
        i1_0.id,
        i1_0.image_url,
        i1_0.item_status,
        i1_0.price_at_purchase,
        i1_0.product_id,
        i1_0.product_name,
        i1_0.quantity,
        i1_0.seller_id 
    from
        order_items i1_0 
    where
        i1_0.order_id=?
Hibernate: 
    select
        i1_0.order_id,
        i1_0.id,
        i1_0.image_url,
        i1_0.item_status,
        i1_0.price_at_purchase,
        i1_0.product_id,
        i1_0.product_name,
        i1_0.quantity,
        i1_0.seller_id 
    from
        order_items i1_0 
    where
        i1_0.order_id=?
Hibernate: 
    select
        i1_0.order_id,
        i1_0.id,
        i1_0.image_url,
        i1_0.item_status,
        i1_0.price_at_purchase,
        i1_0.product_id,
        i1_0.product_name,
        i1_0.quantity,
        i1_0.seller_id 
    from
        order_items i1_0 
    where
        i1_0.order_id=?
Hibernate: 
    select
        i1_0.order_id,
        i1_0.id,
        i1_0.image_url,
        i1_0.item_status,
        i1_0.price_at_purchase,
        i1_0.product_id,
        i1_0.product_name,
        i1_0.quantity,
        i1_0.seller_id 
    from
        order_items i1_0 
    where
        i1_0.order_id=?
Hibernate: 
    select
        i1_0.order_id,
        i1_0.id,
        i1_0.image_url,
        i1_0.item_status,
        i1_0.price_at_purchase,
        i1_0.product_id,
        i1_0.product_name,
        i1_0.quantity,
        i1_0.seller_id 
    from
        order_items i1_0 
    where
        i1_0.order_id=?
Hibernate: 
    select
        i1_0.order_id,
        i1_0.id,
        i1_0.image_url,
        i1_0.item_status,
        i1_0.price_at_purchase,
        i1_0.product_id,
        i1_0.product_name,
        i1_0.quantity,
        i1_0.seller_id 
    from
        order_items i1_0 
    where
        i1_0.order_id=?
Hibernate: 
    select
        i1_0.order_id,
        i1_0.id,
        i1_0.image_url,
        i1_0.item_status,
        i1_0.price_at_purchase,
        i1_0.product_id,
        i1_0.product_name,
        i1_0.quantity,
        i1_0.seller_id 
    from
        order_items i1_0 
    where
        i1_0.order_id=?
Hibernate: 
    select
        i1_0.order_id,
        i1_0.id,
        i1_0.image_url,
        i1_0.item_status,
        i1_0.price_at_purchase,
        i1_0.product_id,
        i1_0.product_name,
        i1_0.quantity,
        i1_0.seller_id 
    from
        order_items i1_0 
    where
        i1_0.order_id=?
Hibernate: 
    select
        i1_0.order_id,
        i1_0.id,
        i1_0.image_url,
        i1_0.item_status,
        i1_0.price_at_purchase,
        i1_0.product_id,
        i1_0.product_name,
        i1_0.quantity,
        i1_0.seller_id 
    from
        order_items i1_0 
    where
        i1_0.order_id=?
Hibernate: 
    select
        i1_0.order_id,
        i1_0.id,
        i1_0.image_url,
        i1_0.item_status,
        i1_0.price_at_purchase,
        i1_0.product_id,
        i1_0.product_name,
        i1_0.quantity,
        i1_0.seller_id 
    from
        order_items i1_0 
    where
        i1_0.order_id=?
Hibernate: 
    select
        i1_0.order_id,
        i1_0.id,
        i1_0.image_url,
        i1_0.item_status,
        i1_0.price_at_purchase,
        i1_0.product_id,
        i1_0.product_name,
        i1_0.quantity,
        i1_0.seller_id 
    from
        order_items i1_0 
    where
        i1_0.order_id=?
Hibernate: 
    select
        i1_0.order_id,
        i1_0.id,
        i1_0.image_url,
        i1_0.item_status,
        i1_0.price_at_purchase,
        i1_0.product_id,
        i1_0.product_name,
        i1_0.quantity,
        i1_0.seller_id 
    from
        order_items i1_0 
    where
        i1_0.order_id=?
Hibernate: 
    select
        i1_0.order_id,
        i1_0.id,
        i1_0.image_url,
        i1_0.item_status,
        i1_0.price_at_purchase,
        i1_0.product_id,
        i1_0.product_name,
        i1_0.quantity,
        i1_0.seller_id 
    from
        order_items i1_0 
    where
        i1_0.order_id=?
